<?xml version="1.0" encoding="UTF-8"?>
<!-- Generated by org.testng.reporters.JUnitReportReporter -->
<testsuite hostname="INHYD-GF401B3" failures="0" tests="2" name="Kentucky.autoScript1" time="96.729" errors="0" timestamp="2022-05-06T18:15:02 IST" skipped="0">
  <testcase classname="Kentucky.autoScript1" name="CelticCionsJackpot" time="58.903"/>
  <system-out/>
  <testcase classname="Kentucky.autoScript1" name="quickPlay" time="37.826"/>
  <system-out/>
</testsuite> <!-- Kentucky.autoScript1 -->
