<?xml version="1.0" encoding="UTF-8"?>
<!-- Generated by org.testng.reporters.JUnitReportReporter -->
<testsuite hostname="INHYD-GF401B3" failures="0" tests="1" name="Georgia.Example" time="88.014" errors="0" timestamp="2022-05-18T17:06:07 IST" skipped="0">
  <testcase classname="Georgia.Example" name="f" time="88.014"/>
  <system-out/>
</testsuite> <!-- Georgia.Example -->
