<?xml version="1.0" encoding="UTF-8"?>
<!-- Generated by org.testng.reporters.JUnitReportReporter -->
<testsuite hostname="INHYD-GF401B3" failures="0" tests="3" name="MockNativeSystem.MockNativeSystem" time="157.954" errors="0" timestamp="2022-06-15T13:21:18 IST" skipped="0">
  <testcase classname="MockNativeSystem.MockNativeSystem" name="Lucky" time="55.833"/>
  <system-out/>
  <testcase classname="MockNativeSystem.MockNativeSystem" name="Ruby" time="53.268"/>
  <system-out/>
  <testcase classname="MockNativeSystem.MockNativeSystem" name="CelticClouds" time="48.853"/>
  <system-out/>
</testsuite> <!-- MockNativeSystem.MockNativeSystem -->
