<?xml version="1.0" encoding="UTF-8"?>
<!-- Generated by org.testng.reporters.JUnitReportReporter -->
<testsuite hostname="INHYD-GF401B3" failures="0" tests="3" name="src.Kentucky1" time="189.766" errors="0" timestamp="2022-05-02T19:32:38 IST" skipped="0">
  <testcase classname="src.Kentucky1" name="CelticCionsJackpot" time="76.106"/>
  <system-out/>
  <testcase classname="src.Kentucky1" name="CelticCionsJackpot" time="71.127"/>
  <system-out/>
  <testcase classname="src.Kentucky1" name="quickPlay" time="42.533"/>
  <system-out/>
</testsuite> <!-- src.Kentucky1 -->
