<?xml version="1.0" encoding="UTF-8"?>
<!-- Generated by org.testng.reporters.JUnitReportReporter -->
<testsuite hostname="INHYD-GF401B3" failures="0" tests="1" name="Poland.example" time="144.998" errors="0" timestamp="2022-05-30T19:01:00 IST" skipped="0">
  <testcase classname="Poland.example" name="emotki" time="144.998"/>
  <system-out/>
</testsuite> <!-- Poland.example -->
